[debug] [2024-06-09T14:54:33.319Z] ----------------------------------------------------------------------
[debug] [2024-06-09T14:54:33.324Z] Command:       /usr/local/bin/node /usr/local/bin/firebase functions:shell
[debug] [2024-06-09T14:54:33.324Z] CLI Version:   12.4.0
[debug] [2024-06-09T14:54:33.325Z] Platform:      darwin
[debug] [2024-06-09T14:54:33.325Z] Node Version:  v20.10.0
[debug] [2024-06-09T14:54:33.325Z] Time:          Mon Jun 10 2024 00:54:33 GMT+1000 (Australian Eastern Standard Time)
[debug] [2024-06-09T14:54:33.326Z] ----------------------------------------------------------------------
[debug] 
[debug] [2024-06-09T14:54:33.446Z] Object ".hosting.rewrites[0]" in "firebase.json" has unknown property: {"additionalProperty":"source"}
[debug] [2024-06-09T14:54:33.450Z] Object ".hosting.rewrites[0]" in "firebase.json" has unknown property: {"additionalProperty":"source"}
[debug] [2024-06-09T14:54:33.451Z] Object ".hosting.rewrites[0]" in "firebase.json" has unknown property: {"additionalProperty":"source"}
[debug] [2024-06-09T14:54:33.451Z] Object ".hosting.rewrites[0]" in "firebase.json" has unknown property: {"additionalProperty":"source"}
[debug] [2024-06-09T14:54:33.451Z] Object ".hosting.rewrites[0]" in "firebase.json" has unknown property: {"additionalProperty":"source"}
[debug] [2024-06-09T14:54:33.451Z] Object ".hosting.rewrites[0]" in "firebase.json" has unknown property: {"additionalProperty":"function"}
[debug] [2024-06-09T14:54:33.452Z] Object ".hosting.rewrites[0]" in "firebase.json" has unknown property: {"additionalProperty":"destination"}
[debug] [2024-06-09T14:54:33.452Z] Object ".hosting.rewrites[0]" in "firebase.json" has unknown property: {"additionalProperty":"destination"}
[debug] [2024-06-09T14:54:33.452Z] Object ".hosting.rewrites[0]" in "firebase.json" has unknown property: {"additionalProperty":"destination"}
[debug] [2024-06-09T14:54:33.452Z] Object ".hosting.rewrites[0]" in "firebase.json" has unknown property: {"additionalProperty":"destination"}
[debug] [2024-06-09T14:54:33.452Z] Object ".hosting.rewrites[0]" in "firebase.json" has unknown property: {"additionalProperty":"source"}
[debug] [2024-06-09T14:54:33.452Z] Object ".hosting.rewrites[0]" in "firebase.json" has unknown property: {"additionalProperty":"source"}
[debug] [2024-06-09T14:54:33.452Z] Object ".hosting.rewrites[0]" in "firebase.json" has unknown property: {"additionalProperty":"source"}
[debug] [2024-06-09T14:54:33.452Z] Object ".hosting.rewrites[0]" in "firebase.json" has unknown property: {"additionalProperty":"source"}
[debug] [2024-06-09T14:54:33.452Z] Object ".hosting.rewrites[0]" in "firebase.json" has unknown property: {"additionalProperty":"source"}
[debug] [2024-06-09T14:54:33.452Z] Field ".hosting.rewrites[0]" in "firebase.json" is possibly invalid: should match some schema in anyOf
[debug] [2024-06-09T14:54:33.452Z] Field ".hosting" in "firebase.json" is possibly invalid: should be array
[debug] [2024-06-09T14:54:33.452Z] Field ".hosting" in "firebase.json" is possibly invalid: should match some schema in anyOf
[debug] [2024-06-09T14:54:33.459Z] > command requires scopes: ["email","openid","https://www.googleapis.com/auth/cloudplatformprojects.readonly","https://www.googleapis.com/auth/firebase","https://www.googleapis.com/auth/cloud-platform"]
[debug] [2024-06-09T14:54:33.460Z] > authorizing via signed-in user (danielleemusic98@gmail.com)
[debug] [2024-06-09T14:54:33.460Z] [iam] checking project ddmerch-middlewear for permissions ["firebase.projects.get"]
[debug] [2024-06-09T14:54:33.464Z] >>> [apiv2][query] POST https://cloudresourcemanager.googleapis.com/v1/projects/ddmerch-middlewear:testIamPermissions [none]
[debug] [2024-06-09T14:54:33.465Z] >>> [apiv2][(partial)header] POST https://cloudresourcemanager.googleapis.com/v1/projects/ddmerch-middlewear:testIamPermissions x-goog-quota-user=projects/ddmerch-middlewear
[debug] [2024-06-09T14:54:33.465Z] >>> [apiv2][body] POST https://cloudresourcemanager.googleapis.com/v1/projects/ddmerch-middlewear:testIamPermissions {"permissions":["firebase.projects.get"]}
[debug] [2024-06-09T14:54:34.792Z] <<< [apiv2][status] POST https://cloudresourcemanager.googleapis.com/v1/projects/ddmerch-middlewear:testIamPermissions 200
[debug] [2024-06-09T14:54:34.793Z] <<< [apiv2][body] POST https://cloudresourcemanager.googleapis.com/v1/projects/ddmerch-middlewear:testIamPermissions {"permissions":["firebase.projects.get"]}
[debug] [2024-06-09T14:54:35.020Z] [functions] Functions Emulator only supports listening on one address (127.0.0.1). Not listening on ::1
[debug] [2024-06-09T14:54:35.022Z] defaultcredentials: writing to file /Users/ShdredNek/.config/firebase/danielleemusic98_gmail_com_application_default_credentials.json
[debug] [2024-06-09T14:54:35.026Z] DEBUG: Setting GAC to /Users/ShdredNek/.config/firebase/danielleemusic98_gmail_com_application_default_credentials.json
[debug] [2024-06-09T14:54:35.026Z] >>> [apiv2][query] GET https://firebase.googleapis.com/v1beta1/projects/ddmerch-middlewear/adminSdkConfig [none]
[debug] [2024-06-09T14:54:35.925Z] <<< [apiv2][status] GET https://firebase.googleapis.com/v1beta1/projects/ddmerch-middlewear/adminSdkConfig 200
[debug] [2024-06-09T14:54:35.926Z] <<< [apiv2][body] GET https://firebase.googleapis.com/v1beta1/projects/ddmerch-middlewear/adminSdkConfig {"projectId":"ddmerch-middlewear","storageBucket":"ddmerch-middlewear.appspot.com"}
[debug] [2024-06-09T14:54:35.951Z] [functions] Watching "/Users/ShdredNek/Documents/Programming/WorkIRL/daydreamers-middlewear/functions" for Cloud Functions...
[debug] [2024-06-09T14:54:35.957Z] Validating nodejs source
[debug] [2024-06-09T14:54:37.550Z] > [functions] package.json contents: {
  "name": "functions",
  "description": "Cloud Functions for Firebase",
  "scripts": {
    "lint": "",
    "serve": "firebase emulators:start --only functions",
    "shell": "firebase functions:shell",
    "start": "npm run shell",
    "deploy": "firebase deploy --only functions",
    "logs": "firebase functions:log"
  },
  "engines": {
    "node": "20"
  },
  "main": "index.js",
  "type": "module",
  "dependencies": {
    "firebase-admin": "^12.1.1",
    "firebase-functions": "^5.0.1"
  },
  "devDependencies": {
    "eslint": "^8.15.0",
    "eslint-config-google": "^0.14.0",
    "firebase-functions-test": "^3.1.0"
  },
  "private": true
}
[debug] [2024-06-09T14:54:37.551Z] Building nodejs source
[debug] [2024-06-09T14:54:37.551Z] Failed to find version of module node: reached end of search path /Users/ShdredNek/Documents/Programming/WorkIRL/daydreamers-middlewear/functions/node_modules
[info] ✔  functions: Using node@20 from host. 
[info] i  functions: Loaded environment variables from .env. 
[debug] [2024-06-09T14:54:37.558Z] Could not find functions.yaml. Must use http discovery
[debug] [2024-06-09T14:54:37.573Z] Found firebase-functions binary at '/Users/ShdredNek/Documents/Programming/WorkIRL/daydreamers-middlewear/functions/node_modules/.bin/firebase-functions'
[debug] [2024-06-09T14:54:39.016Z] Serving at port 8304

[debug] [2024-06-09T14:54:39.854Z] Got response from /__/functions.yaml {"endpoints":{"api":{"platform":"gcfv1","availableMemoryMb":null,"timeoutSeconds":null,"minInstances":null,"maxInstances":null,"ingressSettings":null,"serviceAccountEmail":null,"vpc":null,"httpsTrigger":{},"entryPoint":"api"}},"specVersion":"v1alpha1","requiredAPIs":[]}
[debug] [2024-06-09T14:54:39.862Z] Server is running on port 3000

[debug] [2024-06-09T14:54:49.884Z] [functions] Loaded functions definitions from source: api.
[debug] [2024-06-09T14:54:49.885Z] [functions[us-central1-api]] http function initialized (http://127.0.0.1:5000/ddmerch-middlewear/us-central1/api).
[info] i  functions: Loaded functions: api 
[warn] ⚠  functions: The following emulators are not running, calls to these services will affect production: firestore, database, pubsub, storage, eventarc 
[debug] [2024-06-09T14:55:14.630Z] DEBUG: File /Users/ShdredNek/Documents/Programming/WorkIRL/daydreamers-middlewear/functions/script/controllers.js changed, reloading triggers
[debug] [2024-06-09T14:55:15.632Z] Validating nodejs source
[debug] [2024-06-09T14:55:17.898Z] > [functions] package.json contents: {
  "name": "functions",
  "description": "Cloud Functions for Firebase",
  "scripts": {
    "lint": "",
    "serve": "firebase emulators:start --only functions",
    "shell": "firebase functions:shell",
    "start": "npm run shell",
    "deploy": "firebase deploy --only functions",
    "logs": "firebase functions:log"
  },
  "engines": {
    "node": "20"
  },
  "main": "index.js",
  "type": "module",
  "dependencies": {
    "firebase-admin": "^12.1.1",
    "firebase-functions": "^5.0.1"
  },
  "devDependencies": {
    "eslint": "^8.15.0",
    "eslint-config-google": "^0.14.0",
    "firebase-functions-test": "^3.1.0"
  },
  "private": true
}
[debug] [2024-06-09T14:55:17.898Z] Building nodejs source
[debug] [2024-06-09T14:55:17.899Z] Failed to find version of module node: reached end of search path /Users/ShdredNek/Documents/Programming/WorkIRL/daydreamers-middlewear/functions/node_modules
[info] ✔  functions: Using node@20 from host. 
[info] i  functions: Loaded environment variables from .env. 
[debug] [2024-06-09T14:55:17.901Z] Could not find functions.yaml. Must use http discovery
[debug] [2024-06-09T14:55:17.906Z] Found firebase-functions binary at '/Users/ShdredNek/Documents/Programming/WorkIRL/daydreamers-middlewear/functions/node_modules/.bin/firebase-functions'
[debug] [2024-06-09T14:55:19.050Z] Serving at port 8562

[debug] [2024-06-09T14:55:21.885Z] Got response from /__/functions.yaml {"endpoints":{"api":{"platform":"gcfv1","availableMemoryMb":null,"timeoutSeconds":null,"minInstances":null,"maxInstances":null,"ingressSettings":null,"serviceAccountEmail":null,"vpc":null,"httpsTrigger":{},"entryPoint":"api"}},"specVersion":"v1alpha1","requiredAPIs":[]}
[debug] [2024-06-09T14:55:21.887Z] Server is running on port 3000

[debug] [2024-06-09T14:55:31.899Z] [functions] Loaded functions definitions from source: api.
[debug] [2024-06-09T14:55:36.755Z] DEBUG: File /Users/ShdredNek/Documents/Programming/WorkIRL/daydreamers-middlewear/functions/script/controllers.js changed, reloading triggers
[debug] [2024-06-09T14:55:37.757Z] Validating nodejs source
[debug] [2024-06-09T14:55:39.649Z] > [functions] package.json contents: {
  "name": "functions",
  "description": "Cloud Functions for Firebase",
  "scripts": {
    "lint": "",
    "serve": "firebase emulators:start --only functions",
    "shell": "firebase functions:shell",
    "start": "npm run shell",
    "deploy": "firebase deploy --only functions",
    "logs": "firebase functions:log"
  },
  "engines": {
    "node": "20"
  },
  "main": "index.js",
  "type": "module",
  "dependencies": {
    "firebase-admin": "^12.1.1",
    "firebase-functions": "^5.0.1"
  },
  "devDependencies": {
    "eslint": "^8.15.0",
    "eslint-config-google": "^0.14.0",
    "firebase-functions-test": "^3.1.0"
  },
  "private": true
}
[debug] [2024-06-09T14:55:39.649Z] Building nodejs source
[debug] [2024-06-09T14:55:39.653Z] Failed to find version of module node: reached end of search path /Users/ShdredNek/Documents/Programming/WorkIRL/daydreamers-middlewear/functions/node_modules
[info] ✔  functions: Using node@20 from host. 
[info] i  functions: Loaded environment variables from .env. 
[debug] [2024-06-09T14:55:39.656Z] Could not find functions.yaml. Must use http discovery
[debug] [2024-06-09T14:55:39.661Z] Found firebase-functions binary at '/Users/ShdredNek/Documents/Programming/WorkIRL/daydreamers-middlewear/functions/node_modules/.bin/firebase-functions'
[debug] [2024-06-09T14:55:40.886Z] Serving at port 8729

[debug] [2024-06-09T14:55:42.028Z] Got response from /__/functions.yaml {"endpoints":{"api":{"platform":"gcfv1","availableMemoryMb":null,"timeoutSeconds":null,"minInstances":null,"maxInstances":null,"ingressSettings":null,"serviceAccountEmail":null,"vpc":null,"httpsTrigger":{},"entryPoint":"api"}},"specVersion":"v1alpha1","requiredAPIs":[]}
[debug] [2024-06-09T14:55:42.029Z] Server is running on port 3000

[debug] [2024-06-09T14:55:52.055Z] [functions] Loaded functions definitions from source: api.
