[debug] [2023-12-30T15:18:36.823Z] ----------------------------------------------------------------------
[debug] [2023-12-30T15:18:36.826Z] Command:       /usr/local/bin/node /usr/local/bin/firebase deploy
[debug] [2023-12-30T15:18:36.826Z] CLI Version:   12.4.0
[debug] [2023-12-30T15:18:36.827Z] Platform:      darwin
[debug] [2023-12-30T15:18:36.827Z] Node Version:  v20.10.0
[debug] [2023-12-30T15:18:36.827Z] Time:          Sun Dec 31 2023 02:18:36 GMT+1100 (Australian Eastern Daylight Time)
[debug] [2023-12-30T15:18:36.827Z] ----------------------------------------------------------------------
[debug] 
[debug] [2023-12-30T15:18:36.911Z] Object ".hosting.rewrites[0]" in "firebase.json" has unknown property: {"additionalProperty":"source"}
[debug] [2023-12-30T15:18:36.911Z] Object ".hosting.rewrites[0]" in "firebase.json" has unknown property: {"additionalProperty":"source"}
[debug] [2023-12-30T15:18:36.911Z] Object ".hosting.rewrites[0]" in "firebase.json" has unknown property: {"additionalProperty":"source"}
[debug] [2023-12-30T15:18:36.911Z] Object ".hosting.rewrites[0]" in "firebase.json" has unknown property: {"additionalProperty":"source"}
[debug] [2023-12-30T15:18:36.911Z] Object ".hosting.rewrites[0]" in "firebase.json" has unknown property: {"additionalProperty":"source"}
[debug] [2023-12-30T15:18:36.912Z] Object ".hosting.rewrites[0]" in "firebase.json" has unknown property: {"additionalProperty":"function"}
[debug] [2023-12-30T15:18:36.912Z] Object ".hosting.rewrites[0]" in "firebase.json" has unknown property: {"additionalProperty":"destination"}
[debug] [2023-12-30T15:18:36.912Z] Object ".hosting.rewrites[0]" in "firebase.json" has unknown property: {"additionalProperty":"destination"}
[debug] [2023-12-30T15:18:36.912Z] Object ".hosting.rewrites[0]" in "firebase.json" has unknown property: {"additionalProperty":"destination"}
[debug] [2023-12-30T15:18:36.912Z] Object ".hosting.rewrites[0]" in "firebase.json" has unknown property: {"additionalProperty":"destination"}
[debug] [2023-12-30T15:18:36.912Z] Object ".hosting.rewrites[0]" in "firebase.json" has unknown property: {"additionalProperty":"source"}
[debug] [2023-12-30T15:18:36.912Z] Object ".hosting.rewrites[0]" in "firebase.json" has unknown property: {"additionalProperty":"source"}
[debug] [2023-12-30T15:18:36.912Z] Object ".hosting.rewrites[0]" in "firebase.json" has unknown property: {"additionalProperty":"source"}
[debug] [2023-12-30T15:18:36.912Z] Object ".hosting.rewrites[0]" in "firebase.json" has unknown property: {"additionalProperty":"source"}
[debug] [2023-12-30T15:18:36.912Z] Object ".hosting.rewrites[0]" in "firebase.json" has unknown property: {"additionalProperty":"source"}
[debug] [2023-12-30T15:18:36.912Z] Field ".hosting.rewrites[0]" in "firebase.json" is possibly invalid: should match some schema in anyOf
[debug] [2023-12-30T15:18:36.912Z] Field ".hosting" in "firebase.json" is possibly invalid: should be array
[debug] [2023-12-30T15:18:36.912Z] Field ".hosting" in "firebase.json" is possibly invalid: should match some schema in anyOf
[debug] [2023-12-30T15:18:36.920Z] > command requires scopes: ["email","openid","https://www.googleapis.com/auth/cloudplatformprojects.readonly","https://www.googleapis.com/auth/firebase","https://www.googleapis.com/auth/cloud-platform"]
[debug] [2023-12-30T15:18:36.921Z] > authorizing via signed-in user (danielleemusic98@gmail.com)
[debug] [2023-12-30T15:18:36.921Z] [iam] checking project ddmerch-middlewear for permissions ["cloudfunctions.functions.create","cloudfunctions.functions.delete","cloudfunctions.functions.get","cloudfunctions.functions.list","cloudfunctions.functions.update","cloudfunctions.operations.get","firebase.projects.get","firebasehosting.sites.update"]
[debug] [2023-12-30T15:18:36.923Z] >>> [apiv2][query] POST https://cloudresourcemanager.googleapis.com/v1/projects/ddmerch-middlewear:testIamPermissions [none]
[debug] [2023-12-30T15:18:36.923Z] >>> [apiv2][(partial)header] POST https://cloudresourcemanager.googleapis.com/v1/projects/ddmerch-middlewear:testIamPermissions x-goog-quota-user=projects/ddmerch-middlewear
[debug] [2023-12-30T15:18:36.923Z] >>> [apiv2][body] POST https://cloudresourcemanager.googleapis.com/v1/projects/ddmerch-middlewear:testIamPermissions {"permissions":["cloudfunctions.functions.create","cloudfunctions.functions.delete","cloudfunctions.functions.get","cloudfunctions.functions.list","cloudfunctions.functions.update","cloudfunctions.operations.get","firebase.projects.get","firebasehosting.sites.update"]}
[debug] [2023-12-30T15:18:38.166Z] <<< [apiv2][status] POST https://cloudresourcemanager.googleapis.com/v1/projects/ddmerch-middlewear:testIamPermissions 200
[debug] [2023-12-30T15:18:38.167Z] <<< [apiv2][body] POST https://cloudresourcemanager.googleapis.com/v1/projects/ddmerch-middlewear:testIamPermissions {"permissions":["cloudfunctions.functions.create","cloudfunctions.functions.delete","cloudfunctions.functions.get","cloudfunctions.functions.list","cloudfunctions.functions.update","cloudfunctions.operations.get","firebase.projects.get","firebasehosting.sites.update"]}
[debug] [2023-12-30T15:18:38.167Z] >>> [apiv2][query] POST https://iam.googleapis.com/v1/projects/ddmerch-middlewear/serviceAccounts/ddmerch-middlewear@appspot.gserviceaccount.com:testIamPermissions [none]
[debug] [2023-12-30T15:18:38.167Z] >>> [apiv2][body] POST https://iam.googleapis.com/v1/projects/ddmerch-middlewear/serviceAccounts/ddmerch-middlewear@appspot.gserviceaccount.com:testIamPermissions {"permissions":["iam.serviceAccounts.actAs"]}
[debug] [2023-12-30T15:18:39.486Z] <<< [apiv2][status] POST https://iam.googleapis.com/v1/projects/ddmerch-middlewear/serviceAccounts/ddmerch-middlewear@appspot.gserviceaccount.com:testIamPermissions 200
[debug] [2023-12-30T15:18:39.486Z] <<< [apiv2][body] POST https://iam.googleapis.com/v1/projects/ddmerch-middlewear/serviceAccounts/ddmerch-middlewear@appspot.gserviceaccount.com:testIamPermissions {"permissions":["iam.serviceAccounts.actAs"]}
[debug] [2023-12-30T15:18:39.487Z] >>> [apiv2][query] GET https://firebase.googleapis.com/v1beta1/projects/ddmerch-middlewear [none]
[debug] [2023-12-30T15:18:40.236Z] <<< [apiv2][status] GET https://firebase.googleapis.com/v1beta1/projects/ddmerch-middlewear 200
[debug] [2023-12-30T15:18:40.236Z] <<< [apiv2][body] GET https://firebase.googleapis.com/v1beta1/projects/ddmerch-middlewear {"projectId":"ddmerch-middlewear","projectNumber":"261833046926","displayName":"ddmerch-middlewear","name":"projects/ddmerch-middlewear","resources":{"hostingSite":"ddmerch-middlewear"},"state":"ACTIVE","etag":"1_79779fbb-9952-4c86-970b-4fd5fc39c51c"}
[info] 
[info] === Deploying to 'ddmerch-middlewear'...
[info] 
[info] i  deploying functions, hosting 
[info] Running command: npm --prefix "$RESOURCE_DIR" run lint
[info] ✔  functions: Finished running predeploy script. 
[debug] [2023-12-30T15:18:41.213Z] >>> [apiv2][query] GET https://firebase.googleapis.com/v1beta1/projects/ddmerch-middlewear [none]
[debug] [2023-12-30T15:18:41.638Z] <<< [apiv2][status] GET https://firebase.googleapis.com/v1beta1/projects/ddmerch-middlewear 200
[debug] [2023-12-30T15:18:41.638Z] <<< [apiv2][body] GET https://firebase.googleapis.com/v1beta1/projects/ddmerch-middlewear {"projectId":"ddmerch-middlewear","projectNumber":"261833046926","displayName":"ddmerch-middlewear","name":"projects/ddmerch-middlewear","resources":{"hostingSite":"ddmerch-middlewear"},"state":"ACTIVE","etag":"1_79779fbb-9952-4c86-970b-4fd5fc39c51c"}
[info] i  functions: preparing codebase default for deployment 
[info] i  functions: ensuring required API cloudfunctions.googleapis.com is enabled... 
[info] i  functions: ensuring required API cloudbuild.googleapis.com is enabled... 
[info] i  artifactregistry: ensuring required API artifactregistry.googleapis.com is enabled... 
[debug] [2023-12-30T15:18:41.640Z] >>> [apiv2][query] GET https://serviceusage.googleapis.com/v1/projects/ddmerch-middlewear/services/cloudfunctions.googleapis.com [none]
[debug] [2023-12-30T15:18:41.640Z] >>> [apiv2][(partial)header] GET https://serviceusage.googleapis.com/v1/projects/ddmerch-middlewear/services/cloudfunctions.googleapis.com x-goog-quota-user=projects/ddmerch-middlewear
[debug] [2023-12-30T15:18:41.641Z] >>> [apiv2][query] GET https://serviceusage.googleapis.com/v1/projects/ddmerch-middlewear/services/runtimeconfig.googleapis.com [none]
[debug] [2023-12-30T15:18:41.641Z] >>> [apiv2][(partial)header] GET https://serviceusage.googleapis.com/v1/projects/ddmerch-middlewear/services/runtimeconfig.googleapis.com x-goog-quota-user=projects/ddmerch-middlewear
[debug] [2023-12-30T15:18:41.643Z] >>> [apiv2][query] GET https://serviceusage.googleapis.com/v1/projects/ddmerch-middlewear/services/cloudbuild.googleapis.com [none]
[debug] [2023-12-30T15:18:41.643Z] >>> [apiv2][(partial)header] GET https://serviceusage.googleapis.com/v1/projects/ddmerch-middlewear/services/cloudbuild.googleapis.com x-goog-quota-user=projects/ddmerch-middlewear
[debug] [2023-12-30T15:18:41.644Z] >>> [apiv2][query] GET https://serviceusage.googleapis.com/v1/projects/ddmerch-middlewear/services/artifactregistry.googleapis.com [none]
[debug] [2023-12-30T15:18:41.645Z] >>> [apiv2][(partial)header] GET https://serviceusage.googleapis.com/v1/projects/ddmerch-middlewear/services/artifactregistry.googleapis.com x-goog-quota-user=projects/ddmerch-middlewear
[debug] [2023-12-30T15:18:43.074Z] <<< [apiv2][status] GET https://serviceusage.googleapis.com/v1/projects/ddmerch-middlewear/services/cloudbuild.googleapis.com 200
[debug] [2023-12-30T15:18:43.074Z] <<< [apiv2][body] GET https://serviceusage.googleapis.com/v1/projects/ddmerch-middlewear/services/cloudbuild.googleapis.com [omitted]
[info] ✔  functions: required API cloudbuild.googleapis.com is enabled 
[debug] [2023-12-30T15:18:43.076Z] <<< [apiv2][status] GET https://serviceusage.googleapis.com/v1/projects/ddmerch-middlewear/services/cloudfunctions.googleapis.com 200
[debug] [2023-12-30T15:18:43.076Z] <<< [apiv2][body] GET https://serviceusage.googleapis.com/v1/projects/ddmerch-middlewear/services/cloudfunctions.googleapis.com [omitted]
[info] ✔  functions: required API cloudfunctions.googleapis.com is enabled 
[debug] [2023-12-30T15:18:43.077Z] <<< [apiv2][status] GET https://serviceusage.googleapis.com/v1/projects/ddmerch-middlewear/services/artifactregistry.googleapis.com 200
[debug] [2023-12-30T15:18:43.077Z] <<< [apiv2][body] GET https://serviceusage.googleapis.com/v1/projects/ddmerch-middlewear/services/artifactregistry.googleapis.com [omitted]
[info] ✔  artifactregistry: required API artifactregistry.googleapis.com is enabled 
[debug] [2023-12-30T15:18:43.080Z] <<< [apiv2][status] GET https://serviceusage.googleapis.com/v1/projects/ddmerch-middlewear/services/runtimeconfig.googleapis.com 200
[debug] [2023-12-30T15:18:43.080Z] <<< [apiv2][body] GET https://serviceusage.googleapis.com/v1/projects/ddmerch-middlewear/services/runtimeconfig.googleapis.com [omitted]
[debug] [2023-12-30T15:18:43.080Z] >>> [apiv2][query] GET https://firebase.googleapis.com/v1beta1/projects/ddmerch-middlewear/adminSdkConfig [none]
[debug] [2023-12-30T15:18:43.685Z] <<< [apiv2][status] GET https://firebase.googleapis.com/v1beta1/projects/ddmerch-middlewear/adminSdkConfig 200
[debug] [2023-12-30T15:18:43.685Z] <<< [apiv2][body] GET https://firebase.googleapis.com/v1beta1/projects/ddmerch-middlewear/adminSdkConfig {"projectId":"ddmerch-middlewear","storageBucket":"ddmerch-middlewear.appspot.com"}
[debug] [2023-12-30T15:18:43.685Z] >>> [apiv2][query] GET https://runtimeconfig.googleapis.com/v1beta1/projects/ddmerch-middlewear/configs [none]
[debug] [2023-12-30T15:18:44.402Z] <<< [apiv2][status] GET https://runtimeconfig.googleapis.com/v1beta1/projects/ddmerch-middlewear/configs 200
[debug] [2023-12-30T15:18:44.403Z] <<< [apiv2][body] GET https://runtimeconfig.googleapis.com/v1beta1/projects/ddmerch-middlewear/configs {}
[debug] [2023-12-30T15:18:44.404Z] Validating nodejs source
[debug] [2023-12-30T15:18:45.314Z] > [functions] package.json contents: {
  "name": "functions",
  "description": "Cloud Functions for Firebase",
  "scripts": {
    "lint": "",
    "serve": "firebase emulators:start --only functions",
    "shell": "firebase functions:shell",
    "start": "npm run shell",
    "deploy": "firebase deploy --only functions",
    "logs": "firebase functions:log"
  },
  "engines": {
    "node": "18"
  },
  "main": "index.js",
  "type": "module",
  "dependencies": {
    "firebase-admin": "^11.8.0",
    "firebase-functions": "^4.3.1"
  },
  "devDependencies": {
    "eslint": "^8.15.0",
    "eslint-config-google": "^0.14.0",
    "firebase-functions-test": "^3.1.0"
  },
  "private": true
}
[debug] [2023-12-30T15:18:45.314Z] Building nodejs source
[debug] [2023-12-30T15:18:45.316Z] Could not find functions.yaml. Must use http discovery
[debug] [2023-12-30T15:18:45.326Z] Found firebase-functions binary at '/Users/ShdredNek/Documents/Programming/WorkIRL/daydreamers-middlewear/functions/node_modules/.bin/firebase-functions'
[debug] [2023-12-30T15:18:45.842Z] Serving at port 8378

[debug] [2023-12-30T15:18:46.410Z] Got response from /__/functions.yaml {"endpoints":{"api":{"platform":"gcfv1","availableMemoryMb":null,"timeoutSeconds":null,"minInstances":null,"maxInstances":null,"ingressSettings":null,"serviceAccountEmail":null,"vpc":null,"httpsTrigger":{},"entryPoint":"api"}},"specVersion":"v1alpha1","requiredAPIs":[]}
[info] i  functions: Loaded environment variables from .env. 
[info] i  functions: preparing functions directory for uploading... 
[info] i  functions: packaged /Users/ShdredNek/Documents/Programming/WorkIRL/daydreamers-middlewear/functions (75.32 KB) for uploading 
[debug] [2023-12-30T15:18:46.488Z] >>> [apiv2][query] GET https://cloudfunctions.googleapis.com/v1/projects/ddmerch-middlewear/locations/-/functions [none]
[debug] [2023-12-30T15:18:47.271Z] <<< [apiv2][status] GET https://cloudfunctions.googleapis.com/v1/projects/ddmerch-middlewear/locations/-/functions 200
[debug] [2023-12-30T15:18:47.271Z] <<< [apiv2][body] GET https://cloudfunctions.googleapis.com/v1/projects/ddmerch-middlewear/locations/-/functions {"functions":[{"name":"projects/ddmerch-middlewear/locations/us-central1/functions/api","httpsTrigger":{"url":"https://us-central1-ddmerch-middlewear.cloudfunctions.net/api","securityLevel":"SECURE_ALWAYS"},"status":"ACTIVE","entryPoint":"api","timeout":"60s","availableMemoryMb":256,"serviceAccountEmail":"ddmerch-middlewear@appspot.gserviceaccount.com","updateTime":"2023-12-30T15:16:02.391Z","versionId":"2","labels":{"deployment-tool":"cli-firebase","firebase-functions-hash":"4d8b347857b6a33100b1f6e847d085ac6a911197"},"sourceUploadUrl":"https://storage.googleapis.com/uploads-671394809122.us-central1.cloudfunctions.appspot.com/00bfff9f-cd75-4d67-916e-647149f37e1e.zip","environmentVariables":{"SHOPIFY_ADMIN_API_TOKEN":"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","SHOPIFY_API_KEY":"5dc99496bc9e98a535334ad745a7bd5f","SHOPIFY_SECRET_KEY":"5395d4439b63de7b64b8fc5d96943181","SHOPIFY_SCOPES":"read_analytics, read_legal_policies, read_price_rules, read_product_feeds, read_product_listings, read_products, read_purchase_options, read_reports, read_locales","SHOPIFY_STORE_NAME":"98453c-4","FIREBASE_CONFIG":"{\"projectId\":\"ddmerch-middlewear\",\"storageBucket\":\"ddmerch-middlewear.appspot.com\"}","GCLOUD_PROJECT":"ddmerch-middlewear","EVENTARC_CLOUD_EVENT_SOURCE":"projects/ddmerch-middlewear/locations/us-central1/functions/api"},"runtime":"nodejs18","ingressSettings":"ALLOW_ALL","buildId":"d47f2102-0cf2-408a-a4f2-ca98795ee206","buildEnvironmentVariables":{"GOOGLE_NODE_RUN_SCRIPTS":""},"buildName":"projects/261833046926/locations/us-central1/builds/d47f2102-0cf2-408a-a4f2-ca98795ee206","dockerRegistry":"ARTIFACT_REGISTRY","automaticUpdatePolicy":{}}]}
[debug] [2023-12-30T15:18:47.273Z] >>> [apiv2][query] GET https://cloudfunctions.googleapis.com/v2/projects/ddmerch-middlewear/locations/-/functions filter=environment%3D%22GEN_2%22
[debug] [2023-12-30T15:18:49.011Z] <<< [apiv2][status] GET https://cloudfunctions.googleapis.com/v2/projects/ddmerch-middlewear/locations/-/functions 200
[debug] [2023-12-30T15:18:49.011Z] <<< [apiv2][body] GET https://cloudfunctions.googleapis.com/v2/projects/ddmerch-middlewear/locations/-/functions {}
[debug] [2023-12-30T15:18:49.018Z] >>> [apiv2][query] GET https://firebase.googleapis.com/v1beta1/projects/ddmerch-middlewear [none]
[debug] [2023-12-30T15:18:49.470Z] <<< [apiv2][status] GET https://firebase.googleapis.com/v1beta1/projects/ddmerch-middlewear 200
[debug] [2023-12-30T15:18:49.471Z] <<< [apiv2][body] GET https://firebase.googleapis.com/v1beta1/projects/ddmerch-middlewear {"projectId":"ddmerch-middlewear","projectNumber":"261833046926","displayName":"ddmerch-middlewear","name":"projects/ddmerch-middlewear","resources":{"hostingSite":"ddmerch-middlewear"},"state":"ACTIVE","etag":"1_79779fbb-9952-4c86-970b-4fd5fc39c51c"}
[debug] [2023-12-30T15:18:49.473Z] >>> [apiv2][query] POST https://firebasehosting.googleapis.com/v1beta1/projects/-/sites/ddmerch-middlewear/versions [none]
[debug] [2023-12-30T15:18:49.473Z] >>> [apiv2][body] POST https://firebasehosting.googleapis.com/v1beta1/projects/-/sites/ddmerch-middlewear/versions {"status":"CREATED","labels":{"deployment-tool":"cli-firebase"}}
[debug] [2023-12-30T15:18:50.957Z] <<< [apiv2][status] POST https://firebasehosting.googleapis.com/v1beta1/projects/-/sites/ddmerch-middlewear/versions 200
[debug] [2023-12-30T15:18:50.957Z] <<< [apiv2][body] POST https://firebasehosting.googleapis.com/v1beta1/projects/-/sites/ddmerch-middlewear/versions {"name":"projects/261833046926/sites/ddmerch-middlewear/versions/a31e4f7c99d2e25a","status":"CREATED","config":{},"labels":{"deployment-tool":"cli-firebase"}}
[debug] [2023-12-30T15:18:50.959Z] >>> [apiv2][query] POST https://cloudfunctions.googleapis.com/v1/projects/ddmerch-middlewear/locations/us-central1/functions:generateUploadUrl [none]
[debug] [2023-12-30T15:18:50.959Z] >>> [apiv2][body] POST https://cloudfunctions.googleapis.com/v1/projects/ddmerch-middlewear/locations/us-central1/functions:generateUploadUrl {}
[debug] [2023-12-30T15:18:51.671Z] <<< [apiv2][status] POST https://cloudfunctions.googleapis.com/v1/projects/ddmerch-middlewear/locations/us-central1/functions:generateUploadUrl 200
[debug] [2023-12-30T15:18:51.671Z] <<< [apiv2][body] POST https://cloudfunctions.googleapis.com/v1/projects/ddmerch-middlewear/locations/us-central1/functions:generateUploadUrl {"uploadUrl":"https://storage.googleapis.com/uploads-671394809122.us-central1.cloudfunctions.appspot.com/92c1671a-4666-4858-b705-82403f27f25b.zip?GoogleAccessId=service-261833046926@gcf-admin-robot.iam.gserviceaccount.com&Expires=1703951331&Signature=JcQHaJqsLjKa3Tw49ZCOoy%2Bd%2B2ZXHZbzLeQrJhnskX5LsOzN6EctBMPT9cU45fOL18ACVuuvk7Qbl0ZS7D26%2BEWhCEcvh3P1H%2B4nK4JDT1zP%2BDexn3a3JUwEmnALDcKwKPatgGlw7U0M0s0TlA9Il7vDHMD6FA1uDTBtcEJ27h%2BfrFg763X8IlLPEUYj3QpGFpkAW%2B9Cu0zo%2BEUs%2F%2BxGK7YQnMC72Kz8gfoYnRDshLTFCvHOX7nX94QypYq3sAqibWO1NvOtaMzoTBNOcOQ0Ewe3XY4HqVs5pRdz3tq2sFVzwqWFk9gK3ac1ZzrEpdeVEsj44KdCJKnAZGkDb6E6Zg%3D%3D"}
[debug] [2023-12-30T15:18:51.672Z] >>> [apiv2][query] PUT https://storage.googleapis.com/uploads-671394809122.us-central1.cloudfunctions.appspot.com/92c1671a-4666-4858-b705-82403f27f25b.zip GoogleAccessId=service-261833046926%40gcf-admin-robot.iam.gserviceaccount.com&Expires=1703951331&Signature=JcQHaJqsLjKa3Tw49ZCOoy%2Bd%2B2ZXHZbzLeQrJhnskX5LsOzN6EctBMPT9cU45fOL18ACVuuvk7Qbl0ZS7D26%2BEWhCEcvh3P1H%2B4nK4JDT1zP%2BDexn3a3JUwEmnALDcKwKPatgGlw7U0M0s0TlA9Il7vDHMD6FA1uDTBtcEJ27h%2BfrFg763X8IlLPEUYj3QpGFpkAW%2B9Cu0zo%2BEUs%2F%2BxGK7YQnMC72Kz8gfoYnRDshLTFCvHOX7nX94QypYq3sAqibWO1NvOtaMzoTBNOcOQ0Ewe3XY4HqVs5pRdz3tq2sFVzwqWFk9gK3ac1ZzrEpdeVEsj44KdCJKnAZGkDb6E6Zg%3D%3D
[debug] [2023-12-30T15:18:51.672Z] >>> [apiv2][body] PUT https://storage.googleapis.com/uploads-671394809122.us-central1.cloudfunctions.appspot.com/92c1671a-4666-4858-b705-82403f27f25b.zip [stream]
[debug] [2023-12-30T15:18:52.264Z] <<< [apiv2][status] PUT https://storage.googleapis.com/uploads-671394809122.us-central1.cloudfunctions.appspot.com/92c1671a-4666-4858-b705-82403f27f25b.zip 200
[debug] [2023-12-30T15:18:52.264Z] <<< [apiv2][body] PUT https://storage.googleapis.com/uploads-671394809122.us-central1.cloudfunctions.appspot.com/92c1671a-4666-4858-b705-82403f27f25b.zip [omitted]
[info] ✔  functions: functions folder uploaded successfully 
[info] i  hosting[ddmerch-middlewear]: beginning deploy... 
[info] i  hosting[ddmerch-middlewear]: found 1 files in public 
[debug] [2023-12-30T15:18:52.271Z] [hosting] uploading with 200 concurrency
[debug] [2023-12-30T15:18:52.281Z] [hosting] hash cache [cHVibGlj] stored for 1 files
[debug] [2023-12-30T15:18:52.282Z] [hosting][hash queue][FINAL] {"max":5,"min":5,"avg":5,"active":0,"complete":1,"success":1,"errored":0,"retried":0,"total":1,"elapsed":7}
[debug] [2023-12-30T15:18:52.282Z] >>> [apiv2][query] POST https://firebasehosting.googleapis.com/v1beta1/projects/261833046926/sites/ddmerch-middlewear/versions/a31e4f7c99d2e25a:populateFiles [none]
[debug] [2023-12-30T15:18:52.282Z] >>> [apiv2][body] POST https://firebasehosting.googleapis.com/v1beta1/projects/261833046926/sites/ddmerch-middlewear/versions/a31e4f7c99d2e25a:populateFiles {"files":{"/index.html":"2993b9a701a3291af261e9afc801666b00a4a0a37baa9ca6e3949b6bdfca01bd"}}
[debug] [2023-12-30T15:18:52.752Z] <<< [apiv2][status] POST https://firebasehosting.googleapis.com/v1beta1/projects/261833046926/sites/ddmerch-middlewear/versions/a31e4f7c99d2e25a:populateFiles 200
[debug] [2023-12-30T15:18:52.752Z] <<< [apiv2][body] POST https://firebasehosting.googleapis.com/v1beta1/projects/261833046926/sites/ddmerch-middlewear/versions/a31e4f7c99d2e25a:populateFiles {"uploadRequiredHashes":["2993b9a701a3291af261e9afc801666b00a4a0a37baa9ca6e3949b6bdfca01bd"],"uploadUrl":"https://upload-firebasehosting.googleapis.com/upload/sites/ddmerch-middlewear/versions/a31e4f7c99d2e25a/files"}
[debug] [2023-12-30T15:18:52.753Z] >>> [apiv2][query] POST https://upload-firebasehosting.googleapis.com/upload/sites/ddmerch-middlewear/versions/a31e4f7c99d2e25a/files/2993b9a701a3291af261e9afc801666b00a4a0a37baa9ca6e3949b6bdfca01bd [none]
[debug] [2023-12-30T15:18:52.753Z] >>> [apiv2][body] POST https://upload-firebasehosting.googleapis.com/upload/sites/ddmerch-middlewear/versions/a31e4f7c99d2e25a/files/2993b9a701a3291af261e9afc801666b00a4a0a37baa9ca6e3949b6bdfca01bd [stream]
[debug] [2023-12-30T15:18:52.754Z] [hosting][populate queue][FINAL] {"max":473,"min":473,"avg":473,"active":0,"complete":1,"success":1,"errored":0,"retried":0,"total":1,"elapsed":474}
[debug] [2023-12-30T15:18:52.754Z] [hosting] uploads queued: 1
[debug] [2023-12-30T15:18:54.137Z] <<< [apiv2][status] POST https://upload-firebasehosting.googleapis.com/upload/sites/ddmerch-middlewear/versions/a31e4f7c99d2e25a/files/2993b9a701a3291af261e9afc801666b00a4a0a37baa9ca6e3949b6bdfca01bd 200
[debug] [2023-12-30T15:18:54.138Z] <<< [apiv2][body] POST https://upload-firebasehosting.googleapis.com/upload/sites/ddmerch-middlewear/versions/a31e4f7c99d2e25a/files/2993b9a701a3291af261e9afc801666b00a4a0a37baa9ca6e3949b6bdfca01bd [stream]
[debug] [2023-12-30T15:18:54.138Z] [hosting][upload queue][FINAL] {"max":1386,"min":1386,"avg":1386,"active":0,"complete":1,"success":1,"errored":0,"retried":0,"total":1,"elapsed":1386}
[info] ✔  hosting[ddmerch-middlewear]: file upload complete 
[debug] [2023-12-30T15:18:54.138Z] [hosting] deploy completed after 1872ms
[info] i  functions: updating Node.js 18 (1st Gen) function api(us-central1)... 
[debug] [2023-12-30T15:18:54.142Z] >>> [apiv2][query] PATCH https://cloudfunctions.googleapis.com/v1/projects/ddmerch-middlewear/locations/us-central1/functions/api updateMask=name%2CsourceUploadUrl%2CentryPoint%2Cruntime%2CdockerRegistry%2Clabels%2ChttpsTrigger.securityLevel%2CminInstances%2CmaxInstances%2CingressSettings%2CenvironmentVariables%2CserviceAccountEmail%2CavailableMemoryMb%2Ctimeout%2CvpcConnector%2CvpcConnectorEgressSettings%2CsourceToken%2CbuildEnvironmentVariables
[debug] [2023-12-30T15:18:54.143Z] >>> [apiv2][body] PATCH https://cloudfunctions.googleapis.com/v1/projects/ddmerch-middlewear/locations/us-central1/functions/api {"name":"projects/ddmerch-middlewear/locations/us-central1/functions/api","sourceUploadUrl":"https://storage.googleapis.com/uploads-671394809122.us-central1.cloudfunctions.appspot.com/92c1671a-4666-4858-b705-82403f27f25b.zip?GoogleAccessId=service-261833046926@gcf-admin-robot.iam.gserviceaccount.com&Expires=1703951331&Signature=JcQHaJqsLjKa3Tw49ZCOoy%2Bd%2B2ZXHZbzLeQrJhnskX5LsOzN6EctBMPT9cU45fOL18ACVuuvk7Qbl0ZS7D26%2BEWhCEcvh3P1H%2B4nK4JDT1zP%2BDexn3a3JUwEmnALDcKwKPatgGlw7U0M0s0TlA9Il7vDHMD6FA1uDTBtcEJ27h%2BfrFg763X8IlLPEUYj3QpGFpkAW%2B9Cu0zo%2BEUs%2F%2BxGK7YQnMC72Kz8gfoYnRDshLTFCvHOX7nX94QypYq3sAqibWO1NvOtaMzoTBNOcOQ0Ewe3XY4HqVs5pRdz3tq2sFVzwqWFk9gK3ac1ZzrEpdeVEsj44KdCJKnAZGkDb6E6Zg%3D%3D","entryPoint":"api","runtime":"nodejs18","dockerRegistry":"ARTIFACT_REGISTRY","labels":{"deployment-tool":"cli-firebase","firebase-functions-hash":"ca3202690380005745c1a0eae758ed129e0ddebc"},"httpsTrigger":{"securityLevel":"SECURE_ALWAYS"},"minInstances":null,"maxInstances":null,"ingressSettings":null,"environmentVariables":{"SHOPIFY_ADMIN_API_TOKEN":"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","SHOPIFY_API_KEY":"5dc99496bc9e98a535334ad745a7bd5f","SHOPIFY_SECRET_KEY":"5395d4439b63de7b64b8fc5d96943181","SHOPIFY_SCOPES":"read_analytics, read_legal_policies, read_price_rules, read_product_feeds, read_product_listings, read_products, read_purchase_options, read_reports, read_locales","SHOPIFY_STORE_NAME":"98453c-4","FIREBASE_CONFIG":"{\"projectId\":\"ddmerch-middlewear\",\"storageBucket\":\"ddmerch-middlewear.appspot.com\"}","GCLOUD_PROJECT":"ddmerch-middlewear","EVENTARC_CLOUD_EVENT_SOURCE":"projects/ddmerch-middlewear/locations/us-central1/functions/api"},"serviceAccountEmail":null,"availableMemoryMb":null,"timeout":null,"vpcConnector":null,"vpcConnectorEgressSettings":null,"buildEnvironmentVariables":{"GOOGLE_NODE_RUN_SCRIPTS":""}}
[debug] [2023-12-30T15:18:54.871Z] <<< [apiv2][status] PATCH https://cloudfunctions.googleapis.com/v1/projects/ddmerch-middlewear/locations/us-central1/functions/api 200
[debug] [2023-12-30T15:18:54.871Z] <<< [apiv2][body] PATCH https://cloudfunctions.googleapis.com/v1/projects/ddmerch-middlewear/locations/us-central1/functions/api {"name":"operations/ZGRtZXJjaC1taWRkbGV3ZWFyL3VzLWNlbnRyYWwxL2FwaS9LYU9jekdBUHZ0dw","metadata":{"@type":"type.googleapis.com/google.cloud.functions.v1.OperationMetadataV1","target":"projects/ddmerch-middlewear/locations/us-central1/functions/api","type":"UPDATE_FUNCTION","request":{"@type":"type.googleapis.com/google.cloud.functions.v1.CloudFunction","name":"projects/ddmerch-middlewear/locations/us-central1/functions/api","httpsTrigger":{"url":"https://us-central1-ddmerch-middlewear.cloudfunctions.net/api","securityLevel":"SECURE_ALWAYS"},"status":"ACTIVE","entryPoint":"api","updateTime":"2023-12-30T15:16:02.391Z","versionId":"2","labels":{"deployment-tool":"cli-firebase","firebase-functions-hash":"ca3202690380005745c1a0eae758ed129e0ddebc"},"sourceUploadUrl":"https://storage.googleapis.com/uploads-671394809122.us-central1.cloudfunctions.appspot.com/92c1671a-4666-4858-b705-82403f27f25b.zip?GoogleAccessId=service-261833046926@gcf-admin-robot.iam.gserviceaccount.com&Expires=1703951331&Signature=JcQHaJqsLjKa3Tw49ZCOoy%2Bd%2B2ZXHZbzLeQrJhnskX5LsOzN6EctBMPT9cU45fOL18ACVuuvk7Qbl0ZS7D26%2BEWhCEcvh3P1H%2B4nK4JDT1zP%2BDexn3a3JUwEmnALDcKwKPatgGlw7U0M0s0TlA9Il7vDHMD6FA1uDTBtcEJ27h%2BfrFg763X8IlLPEUYj3QpGFpkAW%2B9Cu0zo%2BEUs%2F%2BxGK7YQnMC72Kz8gfoYnRDshLTFCvHOX7nX94QypYq3sAqibWO1NvOtaMzoTBNOcOQ0Ewe3XY4HqVs5pRdz3tq2sFVzwqWFk9gK3ac1ZzrEpdeVEsj44KdCJKnAZGkDb6E6Zg%3D%3D","environmentVariables":{"SHOPIFY_ADMIN_API_TOKEN":"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","SHOPIFY_API_KEY":"5dc99496bc9e98a535334ad745a7bd5f","SHOPIFY_SECRET_KEY":"5395d4439b63de7b64b8fc5d96943181","SHOPIFY_SCOPES":"read_analytics, read_legal_policies, read_price_rules, read_product_feeds, read_product_listings, read_products, read_purchase_options, read_reports, read_locales","SHOPIFY_STORE_NAME":"98453c-4","FIREBASE_CONFIG":"{\"projectId\":\"ddmerch-middlewear\",\"storageBucket\":\"ddmerch-middlewear.appspot.com\"}","GCLOUD_PROJECT":"ddmerch-middlewear","EVENTARC_CLOUD_EVENT_SOURCE":"projects/ddmerch-middlewear/locations/us-central1/functions/api"},"runtime":"nodejs18","buildId":"d47f2102-0cf2-408a-a4f2-ca98795ee206","buildEnvironmentVariables":{"GOOGLE_NODE_RUN_SCRIPTS":""},"buildName":"projects/261833046926/locations/us-central1/builds/d47f2102-0cf2-408a-a4f2-ca98795ee206","dockerRegistry":"ARTIFACT_REGISTRY","automaticUpdatePolicy":{}},"versionId":"3","updateTime":"2023-12-30T15:18:54Z"}}
[debug] [2023-12-30T15:18:54.877Z] >>> [apiv2][query] GET https://cloudfunctions.googleapis.com/v1/operations/ZGRtZXJjaC1taWRkbGV3ZWFyL3VzLWNlbnRyYWwxL2FwaS9LYU9jekdBUHZ0dw [none]
[debug] [2023-12-30T15:18:55.360Z] <<< [apiv2][status] GET https://cloudfunctions.googleapis.com/v1/operations/ZGRtZXJjaC1taWRkbGV3ZWFyL3VzLWNlbnRyYWwxL2FwaS9LYU9jekdBUHZ0dw 200
[debug] [2023-12-30T15:18:55.360Z] <<< [apiv2][body] GET https://cloudfunctions.googleapis.com/v1/operations/ZGRtZXJjaC1taWRkbGV3ZWFyL3VzLWNlbnRyYWwxL2FwaS9LYU9jekdBUHZ0dw {"name":"operations/ZGRtZXJjaC1taWRkbGV3ZWFyL3VzLWNlbnRyYWwxL2FwaS9LYU9jekdBUHZ0dw","metadata":{"@type":"type.googleapis.com/google.cloud.functions.v1.OperationMetadataV1","target":"projects/ddmerch-middlewear/locations/us-central1/functions/api","type":"UPDATE_FUNCTION","request":{"@type":"type.googleapis.com/google.cloud.functions.v1.CloudFunction","name":"projects/ddmerch-middlewear/locations/us-central1/functions/api","httpsTrigger":{"url":"https://us-central1-ddmerch-middlewear.cloudfunctions.net/api","securityLevel":"SECURE_ALWAYS"},"status":"ACTIVE","entryPoint":"api","updateTime":"2023-12-30T15:16:02.391Z","versionId":"2","labels":{"deployment-tool":"cli-firebase","firebase-functions-hash":"ca3202690380005745c1a0eae758ed129e0ddebc"},"sourceUploadUrl":"https://storage.googleapis.com/uploads-671394809122.us-central1.cloudfunctions.appspot.com/92c1671a-4666-4858-b705-82403f27f25b.zip?GoogleAccessId=service-261833046926@gcf-admin-robot.iam.gserviceaccount.com&Expires=1703951331&Signature=JcQHaJqsLjKa3Tw49ZCOoy%2Bd%2B2ZXHZbzLeQrJhnskX5LsOzN6EctBMPT9cU45fOL18ACVuuvk7Qbl0ZS7D26%2BEWhCEcvh3P1H%2B4nK4JDT1zP%2BDexn3a3JUwEmnALDcKwKPatgGlw7U0M0s0TlA9Il7vDHMD6FA1uDTBtcEJ27h%2BfrFg763X8IlLPEUYj3QpGFpkAW%2B9Cu0zo%2BEUs%2F%2BxGK7YQnMC72Kz8gfoYnRDshLTFCvHOX7nX94QypYq3sAqibWO1NvOtaMzoTBNOcOQ0Ewe3XY4HqVs5pRdz3tq2sFVzwqWFk9gK3ac1ZzrEpdeVEsj44KdCJKnAZGkDb6E6Zg%3D%3D","environmentVariables":{"SHOPIFY_ADMIN_API_TOKEN":"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","SHOPIFY_API_KEY":"5dc99496bc9e98a535334ad745a7bd5f","SHOPIFY_SECRET_KEY":"5395d4439b63de7b64b8fc5d96943181","SHOPIFY_SCOPES":"read_analytics, read_legal_policies, read_price_rules, read_product_feeds, read_product_listings, read_products, read_purchase_options, read_reports, read_locales","SHOPIFY_STORE_NAME":"98453c-4","FIREBASE_CONFIG":"{\"projectId\":\"ddmerch-middlewear\",\"storageBucket\":\"ddmerch-middlewear.appspot.com\"}","GCLOUD_PROJECT":"ddmerch-middlewear","EVENTARC_CLOUD_EVENT_SOURCE":"projects/ddmerch-middlewear/locations/us-central1/functions/api"},"runtime":"nodejs18","buildId":"d47f2102-0cf2-408a-a4f2-ca98795ee206","buildEnvironmentVariables":{"GOOGLE_NODE_RUN_SCRIPTS":""},"buildName":"projects/261833046926/locations/us-central1/builds/d47f2102-0cf2-408a-a4f2-ca98795ee206","dockerRegistry":"ARTIFACT_REGISTRY","automaticUpdatePolicy":{}},"versionId":"3","updateTime":"2023-12-30T15:18:55Z"}}
[debug] [2023-12-30T15:18:55.862Z] [update-default-us-central1-api] Retrying task index 0
[debug] [2023-12-30T15:18:55.863Z] >>> [apiv2][query] GET https://cloudfunctions.googleapis.com/v1/operations/ZGRtZXJjaC1taWRkbGV3ZWFyL3VzLWNlbnRyYWwxL2FwaS9LYU9jekdBUHZ0dw [none]
[debug] [2023-12-30T15:18:56.307Z] <<< [apiv2][status] GET https://cloudfunctions.googleapis.com/v1/operations/ZGRtZXJjaC1taWRkbGV3ZWFyL3VzLWNlbnRyYWwxL2FwaS9LYU9jekdBUHZ0dw 200
[debug] [2023-12-30T15:18:56.307Z] <<< [apiv2][body] GET https://cloudfunctions.googleapis.com/v1/operations/ZGRtZXJjaC1taWRkbGV3ZWFyL3VzLWNlbnRyYWwxL2FwaS9LYU9jekdBUHZ0dw {"name":"operations/ZGRtZXJjaC1taWRkbGV3ZWFyL3VzLWNlbnRyYWwxL2FwaS9LYU9jekdBUHZ0dw","metadata":{"@type":"type.googleapis.com/google.cloud.functions.v1.OperationMetadataV1","target":"projects/ddmerch-middlewear/locations/us-central1/functions/api","type":"UPDATE_FUNCTION","request":{"@type":"type.googleapis.com/google.cloud.functions.v1.CloudFunction","name":"projects/ddmerch-middlewear/locations/us-central1/functions/api","httpsTrigger":{"url":"https://us-central1-ddmerch-middlewear.cloudfunctions.net/api","securityLevel":"SECURE_ALWAYS"},"status":"ACTIVE","entryPoint":"api","updateTime":"2023-12-30T15:16:02.391Z","versionId":"2","labels":{"deployment-tool":"cli-firebase","firebase-functions-hash":"ca3202690380005745c1a0eae758ed129e0ddebc"},"sourceUploadUrl":"https://storage.googleapis.com/uploads-671394809122.us-central1.cloudfunctions.appspot.com/92c1671a-4666-4858-b705-82403f27f25b.zip?GoogleAccessId=service-261833046926@gcf-admin-robot.iam.gserviceaccount.com&Expires=1703951331&Signature=JcQHaJqsLjKa3Tw49ZCOoy%2Bd%2B2ZXHZbzLeQrJhnskX5LsOzN6EctBMPT9cU45fOL18ACVuuvk7Qbl0ZS7D26%2BEWhCEcvh3P1H%2B4nK4JDT1zP%2BDexn3a3JUwEmnALDcKwKPatgGlw7U0M0s0TlA9Il7vDHMD6FA1uDTBtcEJ27h%2BfrFg763X8IlLPEUYj3QpGFpkAW%2B9Cu0zo%2BEUs%2F%2BxGK7YQnMC72Kz8gfoYnRDshLTFCvHOX7nX94QypYq3sAqibWO1NvOtaMzoTBNOcOQ0Ewe3XY4HqVs5pRdz3tq2sFVzwqWFk9gK3ac1ZzrEpdeVEsj44KdCJKnAZGkDb6E6Zg%3D%3D","environmentVariables":{"SHOPIFY_ADMIN_API_TOKEN":"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","SHOPIFY_API_KEY":"5dc99496bc9e98a535334ad745a7bd5f","SHOPIFY_SECRET_KEY":"5395d4439b63de7b64b8fc5d96943181","SHOPIFY_SCOPES":"read_analytics, read_legal_policies, read_price_rules, read_product_feeds, read_product_listings, read_products, read_purchase_options, read_reports, read_locales","SHOPIFY_STORE_NAME":"98453c-4","FIREBASE_CONFIG":"{\"projectId\":\"ddmerch-middlewear\",\"storageBucket\":\"ddmerch-middlewear.appspot.com\"}","GCLOUD_PROJECT":"ddmerch-middlewear","EVENTARC_CLOUD_EVENT_SOURCE":"projects/ddmerch-middlewear/locations/us-central1/functions/api"},"runtime":"nodejs18","buildId":"d47f2102-0cf2-408a-a4f2-ca98795ee206","buildEnvironmentVariables":{"GOOGLE_NODE_RUN_SCRIPTS":""},"buildName":"projects/261833046926/locations/us-central1/builds/d47f2102-0cf2-408a-a4f2-ca98795ee206","dockerRegistry":"ARTIFACT_REGISTRY","automaticUpdatePolicy":{}},"versionId":"3","updateTime":"2023-12-30T15:18:55Z","buildId":"5221db40-04c7-4715-ba07-e76b345ddae4","buildName":"projects/261833046926/locations/us-central1/builds/5221db40-04c7-4715-ba07-e76b345ddae4"}}
[debug] [2023-12-30T15:18:57.308Z] [update-default-us-central1-api] Retrying task index 0
[debug] [2023-12-30T15:18:57.308Z] >>> [apiv2][query] GET https://cloudfunctions.googleapis.com/v1/operations/ZGRtZXJjaC1taWRkbGV3ZWFyL3VzLWNlbnRyYWwxL2FwaS9LYU9jekdBUHZ0dw [none]
[debug] [2023-12-30T15:18:57.777Z] <<< [apiv2][status] GET https://cloudfunctions.googleapis.com/v1/operations/ZGRtZXJjaC1taWRkbGV3ZWFyL3VzLWNlbnRyYWwxL2FwaS9LYU9jekdBUHZ0dw 200
[debug] [2023-12-30T15:18:57.777Z] <<< [apiv2][body] GET https://cloudfunctions.googleapis.com/v1/operations/ZGRtZXJjaC1taWRkbGV3ZWFyL3VzLWNlbnRyYWwxL2FwaS9LYU9jekdBUHZ0dw {"name":"operations/ZGRtZXJjaC1taWRkbGV3ZWFyL3VzLWNlbnRyYWwxL2FwaS9LYU9jekdBUHZ0dw","metadata":{"@type":"type.googleapis.com/google.cloud.functions.v1.OperationMetadataV1","target":"projects/ddmerch-middlewear/locations/us-central1/functions/api","type":"UPDATE_FUNCTION","request":{"@type":"type.googleapis.com/google.cloud.functions.v1.CloudFunction","name":"projects/ddmerch-middlewear/locations/us-central1/functions/api","httpsTrigger":{"url":"https://us-central1-ddmerch-middlewear.cloudfunctions.net/api","securityLevel":"SECURE_ALWAYS"},"status":"ACTIVE","entryPoint":"api","updateTime":"2023-12-30T15:16:02.391Z","versionId":"2","labels":{"deployment-tool":"cli-firebase","firebase-functions-hash":"ca3202690380005745c1a0eae758ed129e0ddebc"},"sourceUploadUrl":"https://storage.googleapis.com/uploads-671394809122.us-central1.cloudfunctions.appspot.com/92c1671a-4666-4858-b705-82403f27f25b.zip?GoogleAccessId=service-261833046926@gcf-admin-robot.iam.gserviceaccount.com&Expires=1703951331&Signature=JcQHaJqsLjKa3Tw49ZCOoy%2Bd%2B2ZXHZbzLeQrJhnskX5LsOzN6EctBMPT9cU45fOL18ACVuuvk7Qbl0ZS7D26%2BEWhCEcvh3P1H%2B4nK4JDT1zP%2BDexn3a3JUwEmnALDcKwKPatgGlw7U0M0s0TlA9Il7vDHMD6FA1uDTBtcEJ27h%2BfrFg763X8IlLPEUYj3QpGFpkAW%2B9Cu0zo%2BEUs%2F%2BxGK7YQnMC72Kz8gfoYnRDshLTFCvHOX7nX94QypYq3sAqibWO1NvOtaMzoTBNOcOQ0Ewe3XY4HqVs5pRdz3tq2sFVzwqWFk9gK3ac1ZzrEpdeVEsj44KdCJKnAZGkDb6E6Zg%3D%3D","environmentVariables":{"SHOPIFY_ADMIN_API_TOKEN":"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","SHOPIFY_API_KEY":"5dc99496bc9e98a535334ad745a7bd5f","SHOPIFY_SECRET_KEY":"5395d4439b63de7b64b8fc5d96943181","SHOPIFY_SCOPES":"read_analytics, read_legal_policies, read_price_rules, read_product_feeds, read_product_listings, read_products, read_purchase_options, read_reports, read_locales","SHOPIFY_STORE_NAME":"98453c-4","FIREBASE_CONFIG":"{\"projectId\":\"ddmerch-middlewear\",\"storageBucket\":\"ddmerch-middlewear.appspot.com\"}","GCLOUD_PROJECT":"ddmerch-middlewear","EVENTARC_CLOUD_EVENT_SOURCE":"projects/ddmerch-middlewear/locations/us-central1/functions/api"},"runtime":"nodejs18","buildId":"d47f2102-0cf2-408a-a4f2-ca98795ee206","buildEnvironmentVariables":{"GOOGLE_NODE_RUN_SCRIPTS":""},"buildName":"projects/261833046926/locations/us-central1/builds/d47f2102-0cf2-408a-a4f2-ca98795ee206","dockerRegistry":"ARTIFACT_REGISTRY","automaticUpdatePolicy":{}},"versionId":"3","updateTime":"2023-12-30T15:18:55Z","buildId":"5221db40-04c7-4715-ba07-e76b345ddae4","buildName":"projects/261833046926/locations/us-central1/builds/5221db40-04c7-4715-ba07-e76b345ddae4"}}
[debug] [2023-12-30T15:18:59.779Z] [update-default-us-central1-api] Retrying task index 0
[debug] [2023-12-30T15:18:59.779Z] >>> [apiv2][query] GET https://cloudfunctions.googleapis.com/v1/operations/ZGRtZXJjaC1taWRkbGV3ZWFyL3VzLWNlbnRyYWwxL2FwaS9LYU9jekdBUHZ0dw [none]
[debug] [2023-12-30T15:19:00.273Z] <<< [apiv2][status] GET https://cloudfunctions.googleapis.com/v1/operations/ZGRtZXJjaC1taWRkbGV3ZWFyL3VzLWNlbnRyYWwxL2FwaS9LYU9jekdBUHZ0dw 200
[debug] [2023-12-30T15:19:00.273Z] <<< [apiv2][body] GET https://cloudfunctions.googleapis.com/v1/operations/ZGRtZXJjaC1taWRkbGV3ZWFyL3VzLWNlbnRyYWwxL2FwaS9LYU9jekdBUHZ0dw {"name":"operations/ZGRtZXJjaC1taWRkbGV3ZWFyL3VzLWNlbnRyYWwxL2FwaS9LYU9jekdBUHZ0dw","metadata":{"@type":"type.googleapis.com/google.cloud.functions.v1.OperationMetadataV1","target":"projects/ddmerch-middlewear/locations/us-central1/functions/api","type":"UPDATE_FUNCTION","request":{"@type":"type.googleapis.com/google.cloud.functions.v1.CloudFunction","name":"projects/ddmerch-middlewear/locations/us-central1/functions/api","httpsTrigger":{"url":"https://us-central1-ddmerch-middlewear.cloudfunctions.net/api","securityLevel":"SECURE_ALWAYS"},"status":"ACTIVE","entryPoint":"api","updateTime":"2023-12-30T15:16:02.391Z","versionId":"2","labels":{"deployment-tool":"cli-firebase","firebase-functions-hash":"ca3202690380005745c1a0eae758ed129e0ddebc"},"sourceUploadUrl":"https://storage.googleapis.com/uploads-671394809122.us-central1.cloudfunctions.appspot.com/92c1671a-4666-4858-b705-82403f27f25b.zip?GoogleAccessId=service-261833046926@gcf-admin-robot.iam.gserviceaccount.com&Expires=1703951331&Signature=JcQHaJqsLjKa3Tw49ZCOoy%2Bd%2B2ZXHZbzLeQrJhnskX5LsOzN6EctBMPT9cU45fOL18ACVuuvk7Qbl0ZS7D26%2BEWhCEcvh3P1H%2B4nK4JDT1zP%2BDexn3a3JUwEmnALDcKwKPatgGlw7U0M0s0TlA9Il7vDHMD6FA1uDTBtcEJ27h%2BfrFg763X8IlLPEUYj3QpGFpkAW%2B9Cu0zo%2BEUs%2F%2BxGK7YQnMC72Kz8gfoYnRDshLTFCvHOX7nX94QypYq3sAqibWO1NvOtaMzoTBNOcOQ0Ewe3XY4HqVs5pRdz3tq2sFVzwqWFk9gK3ac1ZzrEpdeVEsj44KdCJKnAZGkDb6E6Zg%3D%3D","environmentVariables":{"SHOPIFY_ADMIN_API_TOKEN":"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","SHOPIFY_API_KEY":"5dc99496bc9e98a535334ad745a7bd5f","SHOPIFY_SECRET_KEY":"5395d4439b63de7b64b8fc5d96943181","SHOPIFY_SCOPES":"read_analytics, read_legal_policies, read_price_rules, read_product_feeds, read_product_listings, read_products, read_purchase_options, read_reports, read_locales","SHOPIFY_STORE_NAME":"98453c-4","FIREBASE_CONFIG":"{\"projectId\":\"ddmerch-middlewear\",\"storageBucket\":\"ddmerch-middlewear.appspot.com\"}","GCLOUD_PROJECT":"ddmerch-middlewear","EVENTARC_CLOUD_EVENT_SOURCE":"projects/ddmerch-middlewear/locations/us-central1/functions/api"},"runtime":"nodejs18","buildId":"d47f2102-0cf2-408a-a4f2-ca98795ee206","buildEnvironmentVariables":{"GOOGLE_NODE_RUN_SCRIPTS":""},"buildName":"projects/261833046926/locations/us-central1/builds/d47f2102-0cf2-408a-a4f2-ca98795ee206","dockerRegistry":"ARTIFACT_REGISTRY","automaticUpdatePolicy":{}},"versionId":"3","updateTime":"2023-12-30T15:18:55Z","buildId":"5221db40-04c7-4715-ba07-e76b345ddae4","buildName":"projects/261833046926/locations/us-central1/builds/5221db40-04c7-4715-ba07-e76b345ddae4"}}
